app/build/outputs/mapping/debug/seeds.txt
com.german.keyboard.app.free.latin.BinaryDictionary
com.german.keyboard.app.free.latin.spellcheck.SpellCheckerSettingsActivity
com.german.keyboard.app.free.latin.setup.SetupStartIndicatorView$LabelView
com.german.keyboard.app.free.inputmethod.dictionarypack.DictionaryProvider
com.german.keyboard.app.free.latin.settings.SettingsActivity
com.german.keyboard.app.free.latin.DicTraverseSession
com.german.keyboard.app.free.keyboard.emoji.EmojiCategoryPageIndicatorView
com.german.keyboard.app.free.changes.Splash_Screen_Activity
com.german.keyboard.app.free.latin.settings.DebugSettingsFragment
com.german.keyboard.app.free.changes.PrivacyPolicy
com.german.keyboard.app.free.latin.settings.AppearanceSettingsFragment
com.german.keyboard.app.free.changes.Premium
com.german.keyboard.app.free.keyboard.emoji.EmojiPageKeyboardView
com.german.keyboard.app.free.changes.Main_Activity
com.german.keyboard.app.free.changes.TestActivity
com.german.keyboard.app.free.latin.settings.PreferencesSettingsFragment
com.german.keyboard.app.free.latin.settings.ThemeSettingsFragment
com.german.keyboard.app.free.latin.utils.BinaryDictionaryUtils
com.german.keyboard.app.free.keyboard.MoreKeysKeyboardView
com.german.keyboard.app.free.latin.suggestions.SuggestionStripView
com.german.keyboard.app.free.keyboard.emoji.EmojiPalettesView
com.german.keyboard.app.free.inputmethod.changes.ImagesFragment
com.german.keyboard.app.free.latin.settings.CorrectionSettingsFragment
com.german.keyboard.app.free.latin.suggestions.MoreSuggestionsView
com.german.keyboard.app.free.latin.settings.GestureSettingsFragment
com.german.keyboard.app.free.latin.setup.SetupWizardActivity
com.german.keyboard.app.free.inputmethod.changes.ThemeActivity
com.german.keyboard.app.free.keyboard.MainKeyboardView
com.german.keyboard.app.free.latin.settings.SeekBarDialogPreference
com.german.keyboard.app.free.keyboard.ProximityInfo
com.german.keyboard.app.free.latin.setup.SetupStartIndicatorView
com.german.keyboard.app.free.latin.settings.AdvancedSettingsFragment
com.german.keyboard.app.free.latin.DictionaryPackInstallBroadcastReceiver
com.german.keyboard.app.free.latin.LatinIME
com.german.keyboard.app.free.latin.InputView
com.german.keyboard.app.free.latin.SystemBroadcastReceiver
com.german.keyboard.app.free.latin.settings.TestFragmentActivity
com.german.keyboard.app.free.latin.setup.SetupStepIndicatorView
com.german.keyboard.app.free.latin.spellcheck.AndroidSpellCheckerService
com.german.keyboard.app.free.latin.settings.CustomInputStylePreference$SavedState: android.os.Parcelable$Creator CREATOR
com.german.keyboard.app.free.inputmethod.changes.ThemeActivity: ThemeActivity()
com.german.keyboard.app.free.inputmethod.dictionarypack.DictionaryProvider: DictionaryProvider()
com.german.keyboard.app.free.latin.InputView: void setKeyboardTopPadding(int)
com.german.keyboard.app.free.latin.BinaryDictionary: boolean migrateNative(long,java.lang.String,long)
com.german.keyboard.app.free.latin.BinaryDictionary: long openNative(java.lang.String,long,long,boolean)
com.german.keyboard.app.free.changes.TestActivity: TestActivity()
com.german.keyboard.app.free.latin.settings.DebugSettingsFragment: DebugSettingsFragment()
com.german.keyboard.app.free.latin.BinaryDictionary: boolean flushNative(long,java.lang.String)
com.german.keyboard.app.free.latin.DictionaryPackInstallBroadcastReceiver: DictionaryPackInstallBroadcastReceiver()
com.german.keyboard.app.free.latin.InputView: InputView(android.content.Context,android.util.AttributeSet)
com.german.keyboard.app.free.latin.settings.CorrectionSettingsFragment: CorrectionSettingsFragment()
com.german.keyboard.app.free.latin.suggestions.MoreSuggestionsView: MoreSuggestionsView(android.content.Context,android.util.AttributeSet)
com.german.keyboard.app.free.latin.setup.SetupStepIndicatorView: SetupStepIndicatorView(android.content.Context,android.util.AttributeSet)
...
com.google.android.material.timepicker.ChipTextInputComboView
com.google.android.material.appbar.AppBarLayout$ScrollingViewBehavior
android.support.v4.media.MediaBrowserCompat$MediaItem
com.google.android.gms.ads.internal.offline.buffering.OfflinePingSender
com.google.android.material.transformation.ExpandableTransformationBehavior
androidx.versionedparcelable.ParcelImpl
com.google.android.material.internal.CheckableImageButton
androidx.work.OverwritingInputMerger
androidx.recyclerview.widget.RecyclerView
com.google.android.material.datepicker.MaterialTextInputPicker
androidx.lifecycle.WithLifecycleStateKt$suspendWithStateAtLeastUnchecked$$inlined$suspendCancellableCoroutine$lambda$1
com.google.android.material.transformation.FabTransformationSheetBehavior
android.support.v4.app.RemoteActionCompatParcelizer
androidx.viewpager.widget.ViewPager
com.google.android.gms.ads.nativead.NativeAdView
androidx.work.impl.background.systemalarm.ConstraintProxy$NetworkStateProxy
com.module.ads.TemplateView
androidx.media.AudioAttributesImplApi21Parcelizer
com.google.android.material.datepicker.MaterialCalendar
com.google.android.material.internal.NavigationMenuView
com.google.android.gms.ads.internal.offline.buffering.OfflineNotificationPoster
com.google.android.gms.ads.mediation.rtb.RtbAdapter
androidx.work.impl.diagnostics.DiagnosticsReceiver
com.google.android.material.chip.Chip
android.support.v4.media.MediaMetadataCompat
androidx.lifecycle.Lifecycling$1
android.support.v4.media.session.PlaybackStateCompat
pl.droidsonroids.gif.GifIOException
com.module.ads.App
androidx.appcompat.view.menu.ActionMenuItemView
com.google.android.gms.ads.mediation.customevent.CustomEventBanner
androidx.work.impl.background.systemalarm.ConstraintProxy$BatteryChargingProxy
com.google.android.material.bottomappbar.BottomAppBar$Behavior
androidx.recyclerview.widget.StaggeredGridLayoutManager
androidx.lifecycle.SavedStateHandleController
com.google.android.gms.internal.ads.zzcoi
androidx.appcompat.widget.ActionMenuView
androidx.versionedparcelable.CustomVersionedParcelable
androidx.emoji2.text.EmojiCompatInitializer
androidx.work.ArrayCreatingInputMerger
androidx.browser.browseractions.BrowserActionsFallbackMenuView
com.google.android.material.transformation.FabTransformationScrimBehavior
com.google.android.gms.ads.AdService
androidx.work.impl.workers.DiagnosticsWorker
androidx.emoji2.text.EmojiCompatInitializer$1
androidx.work.ListenableWorker
com.google.ads.mediation.customevent.CustomEventAdapter
androidx.work.impl.foreground.SystemForegroundService
com.google.ads.mediation.MediationBannerAdapter
com.google.android.gms.common.SupportErrorDialogFragment
com.google.android.gms.auth.api.signin.GoogleSignInAccount
android.support.v4.media.session.MediaSessionCompat$ResultReceiverWrapper
androidx.work.WorkerParameters
androidx.appcompat.widget.SearchView$SearchAutoComplete
com.google.android.gms.ads.mediation.MediationNativeAdapter
com.google.android.material.appbar.AppBarLayout$BaseBehavior
kotlin.internal.jdk7.JDK7PlatformImplementations
androidx.savedstate.SavedStateRegistry$1
com.google.ads.mediation.admob.AdMobAdapter
com.android.billingclient.api.ProxyBillingActivity
androidx.activity.OnBackPressedDispatcher$LifecycleOnBackPressedCancellable
com.google.ads.mediation.AdUrlAdapter
androidx.appcompat.widget.FitWindowsFrameLayout
com.google.android.play.core.assetpacks.ExtractionForegroundService
com.google.android.material.timepicker.TimePickerView
android.support.v4.media.session.MediaSessionCompat$Token
android.support.v4.media.MediaBrowserCompat$CustomActionResultReceiver
androidx.core.widget.NestedScrollView
com.google.android.gms.ads.mediation.customevent.CustomEventNative
androidx.lifecycle.FullLifecycleObserverAdapter
kotlinx.coroutines.internal.StackTraceRecoveryKt
kotlinx.coroutines.android.AndroidDispatcherFactory
com.module.ads.AppOpenManager
androidx.appcompat.view.menu.ListMenuItemView