app/build/outputs/mapping/debug/usage.txt
com.german.keyboard.app.free.BuildConfig
com.german.keyboard.app.free.InputMethodSettingsActivity
com.german.keyboard.app.free.InputMethodSettingsFragment:
    public void _$_clearFindViewByIdCache()
    public void setInputMethodSettingsCategoryTitle(java.lang.CharSequence)
    public void setSubtypeEnablerIcon(int)
    public void setSubtypeEnablerIcon(android.graphics.drawable.Drawable)
    public void setSubtypeEnablerTitle(java.lang.CharSequence)
com.german.keyboard.app.free.InputMethodSettingsImpl:
    private java.lang.CharSequence mInputMethodSettingsCategoryTitle
    public void setInputMethodSettingsCategoryTitle(java.lang.CharSequence)
    public void setSubtypeEnablerIcon(int)
    public void setSubtypeEnablerIcon(android.graphics.drawable.Drawable)
    public void setSubtypeEnablerTitle(java.lang.CharSequence)
com.german.keyboard.app.free.InputMethodSettingsInterface
com.german.keyboard.app.free.R$anim
com.german.keyboard.app.free.R$animator
com.german.keyboard.app.free.R$array
com.german.keyboard.app.free.R$attr
com.german.keyboard.app.free.R$bool
com.german.keyboard.app.free.R$color
com.german.keyboard.app.free.R$dimen
com.german.keyboard.app.free.R$drawable
com.german.keyboard.app.free.R$font
com.german.keyboard.app.free.R$fraction
com.german.keyboard.app.free.R$id:
    public static final int ALT
    public static final int BOTTOM_END
    public static final int BOTTOM_START
    public static final int CTRL
    public static final int CropOverlayView
    public static final int CropProgressBar
    public static final int FUNCTION
    public static final int ICS
    public static final int ImageView_image
    public static final int KLP
    public static final int LXXDark
    public static final int LXXDarkBorder
    public static final int LXXLight
    public static final int LXXLightBorder
    public static final int META
    public static final int NO_DEBUG
    public static final int ProgressBar
    public static final int SHIFT
    public static final int SHOW_ALL
    public static final int SHOW_PATH
    public static final int SHOW_PROGRESS
    public static final int SYM
    public static final int TOP_END
    public static final int TOP_START
    public static final int accelerate
    public static final int accessibility_action_clickable_span
    public static final int accessibility_custom_action_0
    public static final int accessibility_custom_action_1
    public static final int accessibility_custom_action_10
    public static final int accessibility_custom_action_11
    public static final int accessibility_custom_action_12
    public static final int accessibility_custom_action_13
    public static final int accessibility_custom_action_14
com.german.keyboard.app.free.R$integer
com.german.keyboard.app.free.R$interpolator
com.german.keyboard.app.free.R$layout
com.german.keyboard.app.free.R$menu
com.german.keyboard.app.free.R$mipmap
com.german.keyboard.app.free.R$plurals
com.german.keyboard.app.free.R$raw
com.german.keyboard.app.free.R$string
com.german.keyboard.app.free.R$style
...
androidx.appcompat.widget.AppCompatRadioButton:
    public void <init>(android.content.Context)
    public boolean isEmojiCompatEnabled()
androidx.appcompat.widget.AppCompatRatingBar:
    public void <init>(android.content.Context)
androidx.appcompat.widget.AppCompatReceiveContentHelper$OnDropApi24Impl:
    private void <init>()
androidx.appcompat.widget.AppCompatReceiveContentHelper:
    private static final java.lang.String LOG_TAG
    private void <init>()
androidx.appcompat.widget.AppCompatSeekBar:
    public void <init>(android.content.Context)
androidx.appcompat.widget.AppCompatSeekBarHelper:
    android.graphics.drawable.Drawable getTickMark()
    android.content.res.ColorStateList getTickMarkTintList()
    android.graphics.PorterDuff$Mode getTickMarkTintMode()
    void setTickMarkTintList(android.content.res.ColorStateList)
    void setTickMarkTintMode(android.graphics.PorterDuff$Mode)
androidx.appcompat.widget.AppCompatSpinner$DialogPopup:
    public int getHorizontalOriginalOffset()
androidx.appcompat.widget.AppCompatSpinner$InspectionCompanion
androidx.appcompat.widget.AppCompatSpinner$SpinnerPopup:
    public abstract int getHorizontalOriginalOffset()
androidx.appcompat.widget.AppCompatSpinner:
    private static final int MAX_ITEMS_MEASURED
    private static final int MODE_DIALOG
    private static final int MODE_DROPDOWN
    private static final int MODE_THEME
    private static final java.lang.String TAG
    public void <init>(android.content.Context)
    public void <init>(android.content.Context,int)
androidx.appcompat.widget.AppCompatTextHelper:
    private static final int MONOSPACE
    private static final int SANS
    private static final int SERIF
    private static final int TEXT_FONT_WEIGHT_UNSPECIFIED
androidx.appcompat.widget.AppCompatTextView$InspectionCompanion$1
androidx.appcompat.widget.AppCompatTextView$InspectionCompanion
androidx.appcompat.widget.AppCompatTextView:
    public boolean isEmojiCompatEnabled()
androidx.appcompat.widget.AppCompatTextViewAutoSizeHelper:
    private static final int DEFAULT_AUTO_SIZE_GRANULARITY_IN_PX
    private static final int DEFAULT_AUTO_SIZE_MAX_TEXT_SIZE_IN_SP
    private static final int DEFAULT_AUTO_SIZE_MIN_TEXT_SIZE_IN_SP
    private static final java.lang.String TAG
    static final float UNSET_AUTO_SIZE_UNIFORM_CONFIGURATION_VALUE
    private static final int VERY_WIDE
androidx.appcompat.widget.AppCompatToggleButton$InspectionCompanion
androidx.appcompat.widget.AppCompatToggleButton:
    public void <init>(android.content.Context)
    public boolean isEmojiCompatEnabled()
androidx.appcompat.widget.ButtonBarLayout:
    private static final int PEEK_BUTTON_DP
androidx.appcompat.widget.DecorContentParent:
    public abstract java.lang.CharSequence getTitle()
    public abstract boolean hasIcon()
    public abstract boolean hasLogo()
    public abstract void restoreToolbarHierarchyState(android.util.SparseArray)
    public abstract void saveToolbarHierarchyState(android.util.SparseArray)
    public abstract void setIcon(int)
    public abstract void setIcon(android.graphics.drawable.Drawable)
    public abstract void setLogo(int)
    public abstract void setUiOptions(int)